[0920/181349.729:ERROR:process_memory_win.cc(73)] ReadMemory at 0x1ca55166f70 of 72 bytes failed: Only part of a ReadProcessMemory or WriteProcessMemory request was completed. (0x12B)
[0920/181351.162:WARNING:pe_image_annotations_reader.cc(135)] could not read annotations list object in C:\Program Files (x86)\Google\Chrome\Application\85.0.4183.102\chrome.dll
[0920/181421.362:ERROR:process_memory_win.cc(73)] ReadMemory at 0x7ff623a60000 of 64 bytes failed: Only part of a ReadProcessMemory or WriteProcessMemory request was completed. (0x12B)
[0920/181421.363:WARNING:pe_image_reader.cc(340)] could not read dos header from C:\Program Files (x86)\Google\Chrome\Application\chrome.exe
[0920/181421.363:ERROR:process_memory_win.cc(73)] ReadMemory at 0x7fff61a20000 of 64 bytes failed: Only part of a ReadProcessMemory or WriteProcessMemory request was completed. (0x12B)
[0920/181421.363:WARNING:pe_image_reader.cc(340)] could not read dos header from C:\WINDOWS\SYSTEM32\ntdll.dll
[0920/181421.364:ERROR:process_memory_win.cc(73)] ReadMemory at 0x7fff60240000 of 64 bytes failed: Only part of a ReadProcessMemory or WriteProcessMemory request was completed. (0x12B)
[0920/181421.364:WARNING:pe_image_reader.cc(340)] could not read dos header from C:\WINDOWS\System32\KERNEL32.DLL
[0920/181421.364:ERROR:process_memory_win.cc(73)] ReadMemory at 0x7fff5eef0000 of 64 bytes failed: Only part of a ReadProcessMemory or WriteProcessMemory request was completed. (0x12B)
[0920/181421.364:WARNING:pe_image_reader.cc(340)] could not read dos header from C:\WINDOWS\System32\KERNELBASE.dll
[0920/181421.364:ERROR:process_memory_win.cc(73)] ReadMemory at 0x7fff45890000 of 64 bytes failed: Only part of a ReadProcessMemory or WriteProcessMemory request was completed. (0x12B)
[0920/181421.364:WARNING:pe_image_reader.cc(340)] could not read dos header from C:\Program Files (x86)\Google\Chrome\Application\85.0.4183.102\chrome_elf.dll
[0920/181421.364:ERROR:process_memory_win.cc(73)] ReadMemory at 0x7fff58e40000 of 64 bytes failed: Only part of a ReadProcessMemory or WriteProcessMemory request was completed. (0x12B)
[0920/181421.364:WARNING:pe_image_reader.cc(340)] could not read dos header from C:\WINDOWS\SYSTEM32\VERSION.dll
[0920/181421.364:ERROR:process_memory_win.cc(73)] ReadMemory at 0x7fff5fab0000 of 64 bytes failed: Only part of a ReadProcessMemory or WriteProcessMemory request was completed. (0x12B)
[0920/181421.364:WARNING:pe_image_reader.cc(340)] could not read dos header from C:\WINDOWS\System32\msvcrt.dll
[0920/181421.364:ERROR:process_memory_win.cc(73)] ReadMemory at 0x7fff5f1a0000 of 64 bytes failed: Only part of a ReadProcessMemory or WriteProcessMemory request was completed. (0x12B)
[0920/181421.365:WARNING:pe_image_reader.cc(340)] could not read dos header from C:\WINDOWS\System32\bcryptPrimitives.dll
[0920/181421.365:ERROR:process_memory_win.cc(73)] ReadMemory at 0x7fff616b0000 of 64 bytes failed: Only part of a ReadProcessMemory or WriteProcessMemory request was completed. (0x12B)
[0920/181421.365:WARNING:pe_image_reader.cc(340)] could not read dos header from C:\WINDOWS\System32\ADVAPI32.dll
[0920/181421.365:ERROR:process_memory_win.cc(73)] ReadMemory at 0x7fff61610000 of 64 bytes failed: Only part of a ReadProcessMemory or WriteProcessMemory request was completed. (0x12B)
[0920/181421.365:WARNING:pe_image_reader.cc(340)] could not read dos header from C:\WINDOWS\System32\sechost.dll
[0920/181421.365:ERROR:process_memory_win.cc(73)] ReadMemory at 0x7fff617d0000 of 64 bytes failed: Only part of a ReadProcessMemory or WriteProcessMemory request was completed. (0x12B)
[0920/181421.365:WARNING:pe_image_reader.cc(340)] could not read dos header from C:\WINDOWS\System32\RPCRT4.dll
[0920/181421.365:ERROR:process_memory_win.cc(73)] ReadMemory at 0x7ffeff650000 of 64 bytes failed: Only part of a ReadProcessMemory or WriteProcessMemory request was completed. (0x12B)
[0920/181421.365:WARNING:pe_image_reader.cc(340)] could not read dos header from C:\Program Files (x86)\Google\Chrome\Application\85.0.4183.102\chrome.dll
[0920/181421.365:ERROR:process_memory_win.cc(73)] ReadMemory at 0x7fff60e30000 of 64 bytes failed: Only part of a ReadProcessMemory or WriteProcessMemory request was completed. (0x12B)
[0920/181421.365:WARNING:pe_image_reader.cc(340)] could not read dos header from C:\WINDOWS\System32\WS2_32.dll
[0920/181421.366:ERROR:process_memory_win.cc(73)] ReadMemory at 0x7fff600a0000 of 64 bytes failed: Only part of a ReadProcessMemory or WriteProcessMemory request was completed. (0x12B)
[0920/181421.366:WARNING:pe_image_reader.cc(340)] could not read dos header from C:\WINDOWS\System32\OLEAUT32.dll
[0920/181421.366:ERROR:process_memory_win.cc(73)] ReadMemory at 0x7fff5ee50000 of 64 bytes failed: Only part of a ReadProcessMemory or WriteProcessMemory request was completed. (0x12B)
[0920/181421.366:WARNING:pe_image_reader.cc(340)] could not read dos header from C:\WINDOWS\System32\msvcp_win.dll
[0920/181421.366:ERROR:process_memory_win.cc(73)] ReadMemory at 0x7fff5eb20000 of 64 bytes failed: Only part of a ReadProcessMemory or WriteProcessMemory request was completed. (0x12B)
[0920/181421.366:WARNING:pe_image_reader.cc(340)] could not read dos header from C:\WINDOWS\System32\ucrtbase.dll
[0920/181421.366:ERROR:process_memory_win.cc(73)] ReadMemory at 0x7fff607d0000 of 64 bytes failed: Only part of a ReadProcessMemory or WriteProcessMemory request was completed. (0x12B)
[0920/181421.366:WARNING:pe_image_reader.cc(340)] could not read dos header from C:\WINDOWS\System32\combase.dll
[0920/181421.366:ERROR:process_memory_win.cc(73)] ReadMemory at 0x7fff5ec40000 of 64 bytes failed: Only part of a ReadProcessMemory or WriteProcessMemory request was completed. (0x12B)
[0920/181421.366:WARNING:pe_image_reader.cc(340)] could not read dos header from C:\WINDOWS\System32\WINTRUST.dll
[0920/181421.366:ERROR:process_memory_win.cc(73)] ReadMemory at 0x7fff5e960000 of 64 bytes failed: Only part of a ReadProcessMemory or WriteProcessMemory request was completed. (0x12B)
[0920/181421.366:WARNING:pe_image_reader.cc(340)] could not read dos header from C:\WINDOWS\System32\MSASN1.dll
[0920/181421.367:ERROR:process_memory_win.cc(73)] ReadMemory at 0x7fff5eca0000 of 64 bytes failed: Only part of a ReadProcessMemory or WriteProcessMemory request was completed. (0x12B)
[0920/181421.367:WARNING:pe_image_reader.cc(340)] could not read dos header from C:\WINDOWS\System32\CRYPT32.dll
[0920/181421.367:ERROR:process_memory_win.cc(73)] ReadMemory at 0x7fff5ddb0000 of 64 bytes failed: Only part of a ReadProcessMemory or WriteProcessMemory request was completed. (0x12B)
[0920/181421.367:WARNING:pe_image_reader.cc(340)] could not read dos header from C:\WINDOWS\SYSTEM32\IPHLPAPI.DLL
[0920/181421.367:ERROR:process_memory_win.cc(73)] ReadMemory at 0x7fff56dc0000 of 64 bytes failed: Only part of a ReadProcessMemory or WriteProcessMemory request was completed. (0x12B)
[0920/181421.367:WARNING:pe_image_reader.cc(340)] could not read dos header from C:\WINDOWS\SYSTEM32\WINMM.dll
[0920/181421.367:ERROR:process_memory_win.cc(73)] ReadMemory at 0x7fff361b0000 of 64 bytes failed: Only part of a ReadProcessMemory or WriteProcessMemory request was completed. (0x12B)
[0920/181421.367:WARNING:pe_image_reader.cc(340)] could not read dos header from C:\WINDOWS\SYSTEM32\UIAutomationCore.DLL
[0920/181421.367:ERROR:process_memory_win.cc(73)] ReadMemory at 0x7fff52050000 of 64 bytes failed: Only part of a ReadProcessMemory or WriteProcessMemory request was completed. (0x12B)
[0920/181421.367:WARNING:pe_image_reader.cc(340)] could not read dos header from C:\WINDOWS\SYSTEM32\Secur32.dll
[0920/181421.368:ERROR:process_memory_win.cc(73)] ReadMemory at 0x7fff5e790000 of 64 bytes failed: Only part of a ReadProcessMemory or WriteProcessMemory request was completed. (0x12B)
[0920/181421.369:WARNING:pe_image_reader.cc(340)] could not read dos header from C:\WINDOWS\SYSTEM32\USERENV.dll
[0920/181421.369:ERROR:process_memory_win.cc(73)] ReadMemory at 0x7fff5e8e0000 of 64 bytes failed: Only part of a ReadProcessMemory or WriteProcessMemory request was completed. (0x12B)
[0920/181421.369:WARNING:pe_image_reader.cc(340)] could not read dos header from C:\WINDOWS\System32\profapi.dll
[0920/181421.370:ERROR:process_memory_win.cc(73)] ReadMemory at 0x7fff387c0000 of 64 bytes failed: Only part of a ReadProcessMemory or WriteProcessMemory request was completed. (0x12B)
[0920/181421.370:WARNING:pe_image_reader.cc(340)] could not read dos header from C:\WINDOWS\SYSTEM32\DWrite.dll
[0920/181421.370:ERROR:process_memory_win.cc(73)] ReadMemory at 0x7fff55270000 of 64 bytes failed: Only part of a ReadProcessMemory or WriteProcessMemory request was completed. (0x12B)
[0920/181421.370:WARNING:pe_image_reader.cc(340)] could not read dos header from C:\WINDOWS\SYSTEM32\WINSPOOL.DRV
[0920/181421.370:ERROR:process_memory_win.cc(73)] ReadMemory at 0x7fff5e8c0000 of 64 bytes failed: Only part of a ReadProcessMemory or WriteProcessMemory request was completed. (0x12B)
[0920/181421.370:WARNING:pe_image_reader.cc(340)] could not read dos header from C:\WINDOWS\System32\kernel.appcore.dll
[0920/181421.370:ERROR:process_memory_win.cc(73)] ReadMemory at 0x7fff5ee20000 of 64 bytes failed: Only part of a ReadProcessMemory or WriteProcessMemory request was completed. (0x12B)
[0920/181421.370:WARNING:pe_image_reader.cc(340)] could not read dos header from C:\WINDOWS\System32\bcrypt.dll
[0920/181421.371:ERROR:process_memory_win.cc(73)] ReadMemory at 0x7fff5d1e0000 of 64 bytes failed: Only part of a ReadProcessMemory or WriteProcessMemory request was completed. (0x12B)
[0920/181421.371:WARNING:pe_image_reader.cc(340)] could not read dos header from C:\WINDOWS\SYSTEM32\dbghelp.dll
[0920/181421.371:ERROR:process_memory_win.cc(73)] ReadMemory at 0x7fff55380000 of 64 bytes failed: Only part of a ReadProcessMemory or WriteProcessMemory request was completed. (0x12B)
[0920/181421.371:WARNING:pe_image_reader.cc(340)] could not read dos header from C:\WINDOWS\SYSTEM32\WINHTTP.dll
[0920/181421.371:ERROR:process_memory_win.cc(73)] ReadMemory at 0x7fff57b70000 of 64 bytes failed: Only part of a ReadProcessMemory or WriteProcessMemory request was completed. (0x12B)
[0920/181421.371:WARNING:pe_image_reader.cc(340)] could not read dos header from C:\WINDOWS\SYSTEM32\dhcpcsvc.DLL
[0920/181421.371:ERROR:process_memory_win.cc(73)] ReadMemory at 0x7fff618f0000 of 64 bytes failed: Only part of a ReadProcessMemory or WriteProcessMemory request was completed. (0x12B)
[0920/181421.371:WARNING:pe_image_reader.cc(340)] could not read dos header from C:\WINDOWS\System32\NSI.dll
[0920/181421.371:ERROR:process_memory_win.cc(73)] ReadMemory at 0x7fff56d90000 of 64 bytes failed: Only part of a ReadProcessMemory or WriteProcessMemory request was completed. (0x12B)
[0920/181421.371:WARNING:pe_image_reader.cc(340)] could not read dos header from C:\WINDOWS\SYSTEM32\WINMMBASE.dll
[0920/181421.371:ERROR:process_memory_win.cc(73)] ReadMemory at 0x7fff5f9a0000 of 64 bytes failed: Only part of a ReadProcessMemory or WriteProcessMemory request was completed. (0x12B)
[0920/181421.372:WARNING:pe_image_reader.cc(340)] could not read dos header from C:\WINDOWS\System32\cfgmgr32.dll
[0920/181421.372:ERROR:process_memory_win.cc(73)] ReadMemory at 0x7fff5c4b0000 of 64 bytes failed: Only part of a ReadProcessMemory or WriteProcessMemory request was completed. (0x12B)
[0920/181421.372:WARNING:pe_image_reader.cc(340)] could not read dos header from C:\WINDOWS\SYSTEM32\PROPSYS.dll
[0920/181421.372:ERROR:process_memory_win.cc(73)] ReadMemory at 0x7fff5fff0000 of 64 bytes failed: Only part of a ReadProcessMemory or WriteProcessMemory request was completed. (0x12B)
[0920/181421.372:WARNING:pe_image_reader.cc(340)] could not read dos header from C:\WINDOWS\System32\shcore.dll
[0920/181421.372:ERROR:process_memory_win.cc(73)] ReadMemory at 0x7fff5e7c0000 of 64 bytes failed: Only part of a ReadProcessMemory or WriteProcessMemory request was completed. (0x12B)
[0920/181421.372:WARNING:pe_image_reader.cc(340)] could not read dos header from C:\WINDOWS\SYSTEM32\SSPICLI.DLL
[0920/181421.372:ERROR:process_memory_win.cc(73)] ReadMemory at 0x7fff5e270000 of 64 bytes failed: Only part of a ReadProcessMemory or WriteProcessMemory request was completed. (0x12B)
[0920/181421.372:WARNING:pe_image_reader.cc(340)] could not read dos header from C:\WINDOWS\SYSTEM32\CRYPTBASE.DLL
[0920/181421.462:ERROR:process_memory_win.cc(73)] ReadMemory at 0x7ff623a60000 of 64 bytes failed: Only part of a ReadProcessMemory or WriteProcessMemory request was completed. (0x12B)
[0920/181421.462:WARNING:pe_image_reader.cc(340)] could not read dos header from C:\Program Files (x86)\Google\Chrome\Application\chrome.exe
[0920/181421.462:ERROR:process_memory_win.cc(73)] ReadMemory at 0x7fff61a20000 of 64 bytes failed: Only part of a ReadProcessMemory or WriteProcessMemory request was completed. (0x12B)
[0920/181421.462:WARNING:pe_image_reader.cc(340)] could not read dos header from C:\WINDOWS\SYSTEM32\ntdll.dll
[0920/181421.462:ERROR:process_memory_win.cc(73)] ReadMemory at 0x7fff60240000 of 64 bytes failed: Only part of a ReadProcessMemory or WriteProcessMemory request was completed. (0x12B)
[0920/181421.462:WARNING:pe_image_reader.cc(340)] could not read dos header from C:\WINDOWS\System32\KERNEL32.DLL
[0920/181421.462:ERROR:process_memory_win.cc(73)] ReadMemory at 0x7fff5eef0000 of 64 bytes failed: Only part of a ReadProcessMemory or WriteProcessMemory request was completed. (0x12B)
[0920/181421.462:WARNING:pe_image_reader.cc(340)] could not read dos header from C:\WINDOWS\System32\KERNELBASE.dll
[0920/181421.462:ERROR:process_memory_win.cc(73)] ReadMemory at 0x7fff45890000 of 64 bytes failed: Only part of a ReadProcessMemory or WriteProcessMemory request was completed. (0x12B)
[0920/181421.462:WARNING:pe_image_reader.cc(340)] could not read dos header from C:\Program Files (x86)\Google\Chrome\Application\85.0.4183.102\chrome_elf.dll
[0920/181421.463:ERROR:process_memory_win.cc(73)] ReadMemory at 0x7fff58e40000 of 64 bytes failed: Only part of a ReadProcessMemory or WriteProcessMemory request was completed. (0x12B)
[0920/181421.463:WARNING:pe_image_reader.cc(340)] could not read dos header from C:\WINDOWS\SYSTEM32\VERSION.dll
[0920/181421.463:ERROR:process_memory_win.cc(73)] ReadMemory at 0x7fff5fab0000 of 64 bytes failed: Only part of a ReadProcessMemory or WriteProcessMemory request was completed. (0x12B)
[0920/181421.463:WARNING:pe_image_reader.cc(340)] could not read dos header from C:\WINDOWS\System32\msvcrt.dll
[0920/181421.463:ERROR:process_memory_win.cc(73)] ReadMemory at 0x7fff5f1a0000 of 64 bytes failed: Only part of a ReadProcessMemory or WriteProcessMemory request was completed. (0x12B)
[0920/181421.463:WARNING:pe_image_reader.cc(340)] could not read dos header from C:\WINDOWS\System32\bcryptPrimitives.dll
[0920/181421.463:ERROR:process_memory_win.cc(73)] ReadMemory at 0x7fff616b0000 of 64 bytes failed: Only part of a ReadProcessMemory or WriteProcessMemory request was completed. (0x12B)
[0920/181421.463:WARNING:pe_image_reader.cc(340)] could not read dos header from C:\WINDOWS\System32\ADVAPI32.dll
[0920/181421.463:ERROR:process_memory_win.cc(73)] ReadMemory at 0x7fff61610000 of 64 bytes failed: Only part of a ReadProcessMemory or WriteProcessMemory request was completed. (0x12B)
[0920/181421.463:WARNING:pe_image_reader.cc(340)] could not read dos header from C:\WINDOWS\System32\sechost.dll
[0920/181421.463:ERROR:process_memory_win.cc(73)] ReadMemory at 0x7fff617d0000 of 64 bytes failed: Only part of a ReadProcessMemory or WriteProcessMemory request was completed. (0x12B)
[0920/181421.463:WARNING:pe_image_reader.cc(340)] could not read dos header from C:\WINDOWS\System32\RPCRT4.dll
[0920/181421.464:ERROR:process_memory_win.cc(73)] ReadMemory at 0x7ffeff650000 of 64 bytes failed: Only part of a ReadProcessMemory or WriteProcessMemory request was completed. (0x12B)
[0920/181421.464:WARNING:pe_image_reader.cc(340)] could not read dos header from C:\Program Files (x86)\Google\Chrome\Application\85.0.4183.102\chrome.dll
[0920/181421.464:ERROR:process_memory_win.cc(73)] ReadMemory at 0x7fff60e30000 of 64 bytes failed: Only part of a ReadProcessMemory or WriteProcessMemory request was completed. (0x12B)
[0920/181421.464:WARNING:pe_image_reader.cc(340)] could not read dos header from C:\WINDOWS\System32\WS2_32.dll
[0920/181421.464:ERROR:process_memory_win.cc(73)] ReadMemory at 0x7fff600a0000 of 64 bytes failed: Only part of a ReadProcessMemory or WriteProcessMemory request was completed. (0x12B)
[0920/181421.464:WARNING:pe_image_reader.cc(340)] could not read dos header from C:\WINDOWS\System32\OLEAUT32.dll
[0920/181421.464:ERROR:process_memory_win.cc(73)] ReadMemory at 0x7fff5ee50000 of 64 bytes failed: Only part of a ReadProcessMemory or WriteProcessMemory request was completed. (0x12B)
[0920/181421.464:WARNING:pe_image_reader.cc(340)] could not read dos header from C:\WINDOWS\System32\msvcp_win.dll
[0920/181421.464:ERROR:process_memory_win.cc(73)] ReadMemory at 0x7fff5eb20000 of 64 bytes failed: Only part of a ReadProcessMemory or WriteProcessMemory request was completed. (0x12B)
[0920/181421.465:WARNING:pe_image_reader.cc(340)] could not read dos header from C:\WINDOWS\System32\ucrtbase.dll
[0920/181421.465:ERROR:process_memory_win.cc(73)] ReadMemory at 0x7fff607d0000 of 64 bytes failed: Only part of a ReadProcessMemory or WriteProcessMemory request was completed. (0x12B)
[0920/181421.465:WARNING:pe_image_reader.cc(340)] could not read dos header from C:\WINDOWS\System32\combase.dll
[0920/181421.465:ERROR:process_memory_win.cc(73)] ReadMemory at 0x7fff5ec40000 of 64 bytes failed: Only part of a ReadProcessMemory or WriteProcessMemory request was completed. (0x12B)
[0920/181421.465:WARNING:pe_image_reader.cc(340)] could not read dos header from C:\WINDOWS\System32\WINTRUST.dll
[0920/181421.465:ERROR:process_memory_win.cc(73)] ReadMemory at 0x7fff5e960000 of 64 bytes failed: Only part of a ReadProcessMemory or WriteProcessMemory request was completed. (0x12B)
[0920/181421.465:WARNING:pe_image_reader.cc(340)] could not read dos header from C:\WINDOWS\System32\MSASN1.dll
[0920/181421.465:ERROR:process_memory_win.cc(73)] ReadMemory at 0x7fff5eca0000 of 64 bytes failed: Only part of a ReadProcessMemory or WriteProcessMemory request was completed. (0x12B)
[0920/181421.465:WARNING:pe_image_reader.cc(340)] could not read dos header from C:\WINDOWS\System32\CRYPT32.dll
[0920/181421.465:ERROR:process_memory_win.cc(73)] ReadMemory at 0x7fff5ddb0000 of 64 bytes failed: Only part of a ReadProcessMemory or WriteProcessMemory request was completed. (0x12B)
[0920/181421.465:WARNING:pe_image_reader.cc(340)] could not read dos header from C:\WINDOWS\SYSTEM32\IPHLPAPI.DLL
[0920/181421.466:ERROR:process_memory_win.cc(73)] ReadMemory at 0x7fff56dc0000 of 64 bytes failed: Only part of a ReadProcessMemory or WriteProcessMemory request was completed. (0x12B)
[0920/181421.466:WARNING:pe_image_reader.cc(340)] could not read dos header from C:\WINDOWS\SYSTEM32\WINMM.dll
[0920/181421.466:ERROR:process_memory_win.cc(73)] ReadMemory at 0x7fff361b0000 of 64 bytes failed: Only part of a ReadProcessMemory or WriteProcessMemory request was completed. (0x12B)
[0920/181421.466:WARNING:pe_image_reader.cc(340)] could not read dos header from C:\WINDOWS\SYSTEM32\UIAutomationCore.DLL
[0920/181421.466:ERROR:process_memory_win.cc(73)] ReadMemory at 0x7fff52050000 of 64 bytes failed: Only part of a ReadProcessMemory or WriteProcessMemory request was completed. (0x12B)
[0920/181421.466:WARNING:pe_image_reader.cc(340)] could not read dos header from C:\WINDOWS\SYSTEM32\Secur32.dll
[0920/181421.466:ERROR:process_memory_win.cc(73)] ReadMemory at 0x7fff5e790000 of 64 bytes failed: Only part of a ReadProcessMemory or WriteProcessMemory request was completed. (0x12B)
[0920/181421.466:WARNING:pe_image_reader.cc(340)] could not read dos header from C:\WINDOWS\SYSTEM32\USERENV.dll
[0920/181421.466:ERROR:process_memory_win.cc(73)] ReadMemory at 0x7fff5e8e0000 of 64 bytes failed: Only part of a ReadProcessMemory or WriteProcessMemory request was completed. (0x12B)
[0920/181421.466:WARNING:pe_image_reader.cc(340)] could not read dos header from C:\WINDOWS\System32\profapi.dll
[0920/181421.466:ERROR:process_memory_win.cc(73)] ReadMemory at 0x7fff387c0000 of 64 bytes failed: Only part of a ReadProcessMemory or WriteProcessMemory request was completed. (0x12B)
[0920/181421.466:WARNING:pe_image_reader.cc(340)] could not read dos header from C:\WINDOWS\SYSTEM32\DWrite.dll
[0920/181421.467:ERROR:process_memory_win.cc(73)] ReadMemory at 0x7fff55270000 of 64 bytes failed: Only part of a ReadProcessMemory or WriteProcessMemory request was completed. (0x12B)
[0920/181421.467:WARNING:pe_image_reader.cc(340)] could not read dos header from C:\WINDOWS\SYSTEM32\WINSPOOL.DRV
[0920/181421.467:ERROR:process_memory_win.cc(73)] ReadMemory at 0x7fff5e8c0000 of 64 bytes failed: Only part of a ReadProcessMemory or WriteProcessMemory request was completed. (0x12B)
[0920/181421.467:WARNING:pe_image_reader.cc(340)] could not read dos header from C:\WINDOWS\System32\kernel.appcore.dll
[0920/181421.467:ERROR:process_memory_win.cc(73)] ReadMemory at 0x7fff5ee20000 of 64 bytes failed: Only part of a ReadProcessMemory or WriteProcessMemory request was completed. (0x12B)
[0920/181421.467:WARNING:pe_image_reader.cc(340)] could not read dos header from C:\WINDOWS\System32\bcrypt.dll
[0920/181421.467:ERROR:process_memory_win.cc(73)] ReadMemory at 0x7fff5d1e0000 of 64 bytes failed: Only part of a ReadProcessMemory or WriteProcessMemory request was completed. (0x12B)
[0920/181421.467:WARNING:pe_image_reader.cc(340)] could not read dos header from C:\WINDOWS\SYSTEM32\dbghelp.dll
[0920/181421.467:ERROR:process_memory_win.cc(73)] ReadMemory at 0x7fff55380000 of 64 bytes failed: Only part of a ReadProcessMemory or WriteProcessMemory request was completed. (0x12B)
[0920/181421.467:WARNING:pe_image_reader.cc(340)] could not read dos header from C:\WINDOWS\SYSTEM32\WINHTTP.dll
[0920/181421.467:ERROR:process_memory_win.cc(73)] ReadMemory at 0x7fff57b70000 of 64 bytes failed: Only part of a ReadProcessMemory or WriteProcessMemory request was completed. (0x12B)
[0920/181421.467:WARNING:pe_image_reader.cc(340)] could not read dos header from C:\WINDOWS\SYSTEM32\dhcpcsvc.DLL
[0920/181421.468:ERROR:process_memory_win.cc(73)] ReadMemory at 0x7fff618f0000 of 64 bytes failed: Only part of a ReadProcessMemory or WriteProcessMemory request was completed. (0x12B)
[0920/181421.468:WARNING:pe_image_reader.cc(340)] could not read dos header from C:\WINDOWS\System32\NSI.dll
[0920/181421.468:ERROR:process_memory_win.cc(73)] ReadMemory at 0x7fff56d90000 of 64 bytes failed: Only part of a ReadProcessMemory or WriteProcessMemory request was completed. (0x12B)
[0920/181421.468:WARNING:pe_image_reader.cc(340)] could not read dos header from C:\WINDOWS\SYSTEM32\WINMMBASE.dll
[0920/181421.468:ERROR:process_memory_win.cc(73)] ReadMemory at 0x7fff5f9a0000 of 64 bytes failed: Only part of a ReadProcessMemory or WriteProcessMemory request was completed. (0x12B)
[0920/181421.468:WARNING:pe_image_reader.cc(340)] could not read dos header from C:\WINDOWS\System32\cfgmgr32.dll
[0920/181421.468:ERROR:process_memory_win.cc(73)] ReadMemory at 0x7fff5c4b0000 of 64 bytes failed: Only part of a ReadProcessMemory or WriteProcessMemory request was completed. (0x12B)
[0920/181421.468:WARNING:pe_image_reader.cc(340)] could not read dos header from C:\WINDOWS\SYSTEM32\PROPSYS.dll
[0920/181421.468:ERROR:process_memory_win.cc(73)] ReadMemory at 0x7fff5fff0000 of 64 bytes failed: Only part of a ReadProcessMemory or WriteProcessMemory request was completed. (0x12B)
[0920/181421.468:WARNING:pe_image_reader.cc(340)] could not read dos header from C:\WINDOWS\System32\shcore.dll
[0920/181421.468:ERROR:process_memory_win.cc(73)] ReadMemory at 0x7fff5e7c0000 of 64 bytes failed: Only part of a ReadProcessMemory or WriteProcessMemory request was completed. (0x12B)
[0920/181421.468:WARNING:pe_image_reader.cc(340)] could not read dos header from C:\WINDOWS\SYSTEM32\SSPICLI.DLL
[0920/181421.469:ERROR:process_memory_win.cc(73)] ReadMemory at 0x7fff5e270000 of 64 bytes failed: Only part of a ReadProcessMemory or WriteProcessMemory request was completed. (0x12B)
[0920/181421.469:WARNING:pe_image_reader.cc(340)] could not read dos header from C:\WINDOWS\SYSTEM32\CRYPTBASE.DLL
[0920/181421.469:ERROR:process_memory_win.cc(73)] ReadMemory at 0x7ff623a60000 of 64 bytes failed: Only part of a ReadProcessMemory or WriteProcessMemory request was completed. (0x12B)
[0920/181421.469:WARNING:pe_image_reader.cc(340)] could not read dos header from C:\Program Files (x86)\Google\Chrome\Application\chrome.exe
[0920/181421.469:ERROR:process_memory_win.cc(73)] ReadMemory at 0x7fff61a20000 of 64 bytes failed: Only part of a ReadProcessMemory or WriteProcessMemory request was completed. (0x12B)
[0920/181421.469:WARNING:pe_image_reader.cc(340)] could not read dos header from C:\WINDOWS\SYSTEM32\ntdll.dll
[0920/181421.469:ERROR:process_memory_win.cc(73)] ReadMemory at 0x7fff60240000 of 64 bytes failed: Only part of a ReadProcessMemory or WriteProcessMemory request was completed. (0x12B)
[0920/181421.469:WARNING:pe_image_reader.cc(340)] could not read dos header from C:\WINDOWS\System32\KERNEL32.DLL
[0920/181421.469:ERROR:process_memory_win.cc(73)] ReadMemory at 0x7fff5eef0000 of 64 bytes failed: Only part of a ReadProcessMemory or WriteProcessMemory request was completed. (0x12B)
[0920/181421.469:WARNING:pe_image_reader.cc(340)] could not read dos header from C:\WINDOWS\System32\KERNELBASE.dll
[0920/181421.469:ERROR:process_memory_win.cc(73)] ReadMemory at 0x7fff45890000 of 64 bytes failed: Only part of a ReadProcessMemory or WriteProcessMemory request was completed. (0x12B)
[0920/181421.469:WARNING:pe_image_reader.cc(340)] could not read dos header from C:\Program Files (x86)\Google\Chrome\Application\85.0.4183.102\chrome_elf.dll
[0920/181421.470:ERROR:process_memory_win.cc(73)] ReadMemory at 0x7fff58e40000 of 64 bytes failed: Only part of a ReadProcessMemory or WriteProcessMemory request was completed. (0x12B)
[0920/181421.470:WARNING:pe_image_reader.cc(340)] could not read dos header from C:\WINDOWS\SYSTEM32\VERSION.dll
[0920/181421.470:ERROR:process_memory_win.cc(73)] ReadMemory at 0x7fff5fab0000 of 64 bytes failed: Only part of a ReadProcessMemory or WriteProcessMemory request was completed. (0x12B)
[0920/181421.470:WARNING:pe_image_reader.cc(340)] could not read dos header from C:\WINDOWS\System32\msvcrt.dll
[0920/181421.470:ERROR:process_memory_win.cc(73)] ReadMemory at 0x7fff5f1a0000 of 64 bytes failed: Only part of a ReadProcessMemory or WriteProcessMemory request was completed. (0x12B)
[0920/181421.470:WARNING:pe_image_reader.cc(340)] could not read dos header from C:\WINDOWS\System32\bcryptPrimitives.dll
[0920/181421.470:ERROR:process_memory_win.cc(73)] ReadMemory at 0x7fff616b0000 of 64 bytes failed: Only part of a ReadProcessMemory or WriteProcessMemory request was completed. (0x12B)
[0920/181421.470:WARNING:pe_image_reader.cc(340)] could not read dos header from C:\WINDOWS\System32\ADVAPI32.dll
[0920/181421.470:ERROR:process_memory_win.cc(73)] ReadMemory at 0x7fff61610000 of 64 bytes failed: Only part of a ReadProcessMemory or WriteProcessMemory request was completed. (0x12B)
[0920/181421.471:WARNING:pe_image_reader.cc(340)] could not read dos header from C:\WINDOWS\System32\sechost.dll
[0920/181421.471:ERROR:process_memory_win.cc(73)] ReadMemory at 0x7fff617d0000 of 64 bytes failed: Only part of a ReadProcessMemory or WriteProcessMemory request was completed. (0x12B)
[0920/181421.471:WARNING:pe_image_reader.cc(340)] could not read dos header from C:\WINDOWS\System32\RPCRT4.dll
[0920/181421.471:ERROR:process_memory_win.cc(73)] ReadMemory at 0x7ffeff650000 of 64 bytes failed: Only part of a ReadProcessMemory or WriteProcessMemory request was completed. (0x12B)
[0920/181421.471:WARNING:pe_image_reader.cc(340)] could not read dos header from C:\Program Files (x86)\Google\Chrome\Application\85.0.4183.102\chrome.dll
[0920/181421.471:ERROR:process_memory_win.cc(73)] ReadMemory at 0x7fff60e30000 of 64 bytes failed: Only part of a ReadProcessMemory or WriteProcessMemory request was completed. (0x12B)
[0920/181421.471:WARNING:pe_image_reader.cc(340)] could not read dos header from C:\WINDOWS\System32\WS2_32.dll
[0920/181421.471:ERROR:process_memory_win.cc(73)] ReadMemory at 0x7fff600a0000 of 64 bytes failed: Only part of a ReadProcessMemory or WriteProcessMemory request was completed. (0x12B)
[0920/181421.471:WARNING:pe_image_reader.cc(340)] could not read dos header from C:\WINDOWS\System32\OLEAUT32.dll
[0920/181421.471:ERROR:process_memory_win.cc(73)] ReadMemory at 0x7fff5ee50000 of 64 bytes failed: Only part of a ReadProcessMemory or WriteProcessMemory request was completed. (0x12B)
[0920/181421.471:WARNING:pe_image_reader.cc(340)] could not read dos header from C:\WINDOWS\System32\msvcp_win.dll
[0920/181421.472:ERROR:process_memory_win.cc(73)] ReadMemory at 0x7fff5eb20000 of 64 bytes failed: Only part of a ReadProcessMemory or WriteProcessMemory request was completed. (0x12B)
[0920/181421.472:WARNING:pe_image_reader.cc(340)] could not read dos header from C:\WINDOWS\System32\ucrtbase.dll
[0920/181421.472:ERROR:process_memory_win.cc(73)] ReadMemory at 0x7fff607d0000 of 64 bytes failed: Only part of a ReadProcessMemory or WriteProcessMemory request was completed. (0x12B)
[0920/181421.472:WARNING:pe_image_reader.cc(340)] could not read dos header from C:\WINDOWS\System32\combase.dll
[0920/181421.472:ERROR:process_memory_win.cc(73)] ReadMemory at 0x7fff5ec40000 of 64 bytes failed: Only part of a ReadProcessMemory or WriteProcessMemory request was completed. (0x12B)
[0920/181421.472:WARNING:pe_image_reader.cc(340)] could not read dos header from C:\WINDOWS\System32\WINTRUST.dll
[0920/181421.472:ERROR:process_memory_win.cc(73)] ReadMemory at 0x7fff5e960000 of 64 bytes failed: Only part of a ReadProcessMemory or WriteProcessMemory request was completed. (0x12B)
[0920/181421.472:WARNING:pe_image_reader.cc(340)] could not read dos header from C:\WINDOWS\System32\MSASN1.dll
[0920/181421.472:ERROR:process_memory_win.cc(73)] ReadMemory at 0x7fff5eca0000 of 64 bytes failed: Only part of a ReadProcessMemory or WriteProcessMemory request was completed. (0x12B)
[0920/181421.472:WARNING:pe_image_reader.cc(340)] could not read dos header from C:\WINDOWS\System32\CRYPT32.dll
[0920/181421.472:ERROR:process_memory_win.cc(73)] ReadMemory at 0x7fff5ddb0000 of 64 bytes failed: Only part of a ReadProcessMemory or WriteProcessMemory request was completed. (0x12B)
[0920/181421.472:WARNING:pe_image_reader.cc(340)] could not read dos header from C:\WINDOWS\SYSTEM32\IPHLPAPI.DLL
[0920/181421.472:ERROR:process_memory_win.cc(73)] ReadMemory at 0x7fff56dc0000 of 64 bytes failed: Only part of a ReadProcessMemory or WriteProcessMemory request was completed. (0x12B)
[0920/181421.472:WARNING:pe_image_reader.cc(340)] could not read dos header from C:\WINDOWS\SYSTEM32\WINMM.dll
[0920/181421.473:ERROR:process_memory_win.cc(73)] ReadMemory at 0x7fff361b0000 of 64 bytes failed: Only part of a ReadProcessMemory or WriteProcessMemory request was completed. (0x12B)
[0920/181421.473:WARNING:pe_image_reader.cc(340)] could not read dos header from C:\WINDOWS\SYSTEM32\UIAutomationCore.DLL
[0920/181421.473:ERROR:process_memory_win.cc(73)] ReadMemory at 0x7fff52050000 of 64 bytes failed: Only part of a ReadProcessMemory or WriteProcessMemory request was completed. (0x12B)
[0920/181421.473:WARNING:pe_image_reader.cc(340)] could not read dos header from C:\WINDOWS\SYSTEM32\Secur32.dll
[0920/181421.473:ERROR:process_memory_win.cc(73)] ReadMemory at 0x7fff5e790000 of 64 bytes failed: Only part of a ReadProcessMemory or WriteProcessMemory request was completed. (0x12B)
[0920/181421.473:WARNING:pe_image_reader.cc(340)] could not read dos header from C:\WINDOWS\SYSTEM32\USERENV.dll
[0920/181421.473:ERROR:process_memory_win.cc(73)] ReadMemory at 0x7fff5e8e0000 of 64 bytes failed: Only part of a ReadProcessMemory or WriteProcessMemory request was completed. (0x12B)
[0920/181421.473:WARNING:pe_image_reader.cc(340)] could not read dos header from C:\WINDOWS\System32\profapi.dll
[0920/181421.473:ERROR:process_memory_win.cc(73)] ReadMemory at 0x7fff387c0000 of 64 bytes failed: Only part of a ReadProcessMemory or WriteProcessMemory request was completed. (0x12B)
[0920/181421.473:WARNING:pe_image_reader.cc(340)] could not read dos header from C:\WINDOWS\SYSTEM32\DWrite.dll
[0920/181421.473:ERROR:process_memory_win.cc(73)] ReadMemory at 0x7fff55270000 of 64 bytes failed: Only part of a ReadProcessMemory or WriteProcessMemory request was completed. (0x12B)
[0920/181421.474:WARNING:pe_image_reader.cc(340)] could not read dos header from C:\WINDOWS\SYSTEM32\WINSPOOL.DRV
[0920/181421.474:ERROR:process_memory_win.cc(73)] ReadMemory at 0x7fff5e8c0000 of 64 bytes failed: Only part of a ReadProcessMemory or WriteProcessMemory request was completed. (0x12B)
[0920/181421.474:WARNING:pe_image_reader.cc(340)] could not read dos header from C:\WINDOWS\System32\kernel.appcore.dll
[0920/181421.474:ERROR:process_memory_win.cc(73)] ReadMemory at 0x7fff5ee20000 of 64 bytes failed: Only part of a ReadProcessMemory or WriteProcessMemory request was completed. (0x12B)
[0920/181421.474:WARNING:pe_image_reader.cc(340)] could not read dos header from C:\WINDOWS\System32\bcrypt.dll
[0920/181421.474:ERROR:process_memory_win.cc(73)] ReadMemory at 0x7fff5d1e0000 of 64 bytes failed: Only part of a ReadProcessMemory or WriteProcessMemory request was completed. (0x12B)
[0920/181421.474:WARNING:pe_image_reader.cc(340)] could not read dos header from C:\WINDOWS\SYSTEM32\dbghelp.dll
[0920/181421.474:ERROR:process_memory_win.cc(73)] ReadMemory at 0x7fff55380000 of 64 bytes failed: Only part of a ReadProcessMemory or WriteProcessMemory request was completed. (0x12B)
[0920/181421.474:WARNING:pe_image_reader.cc(340)] could not read dos header from C:\WINDOWS\SYSTEM32\WINHTTP.dll
[0920/181421.474:ERROR:process_memory_win.cc(73)] ReadMemory at 0x7fff57b70000 of 64 bytes failed: Only part of a ReadProcessMemory or WriteProcessMemory request was completed. (0x12B)
[0920/181421.474:WARNING:pe_image_reader.cc(340)] could not read dos header from C:\WINDOWS\SYSTEM32\dhcpcsvc.DLL
[0920/181421.475:ERROR:process_memory_win.cc(73)] ReadMemory at 0x7fff618f0000 of 64 bytes failed: Only part of a ReadProcessMemory or WriteProcessMemory request was completed. (0x12B)
[0920/181421.475:WARNING:pe_image_reader.cc(340)] could not read dos header from C:\WINDOWS\System32\NSI.dll
[0920/181421.475:ERROR:process_memory_win.cc(73)] ReadMemory at 0x7fff56d90000 of 64 bytes failed: Only part of a ReadProcessMemory or WriteProcessMemory request was completed. (0x12B)
[0920/181421.475:WARNING:pe_image_reader.cc(340)] could not read dos header from C:\WINDOWS\SYSTEM32\WINMMBASE.dll
[0920/181421.475:ERROR:process_memory_win.cc(73)] ReadMemory at 0x7fff5f9a0000 of 64 bytes failed: Only part of a ReadProcessMemory or WriteProcessMemory request was completed. (0x12B)
[0920/181421.475:WARNING:pe_image_reader.cc(340)] could not read dos header from C:\WINDOWS\System32\cfgmgr32.dll
[0920/181421.475:ERROR:process_memory_win.cc(73)] ReadMemory at 0x7fff5c4b0000 of 64 bytes failed: Only part of a ReadProcessMemory or WriteProcessMemory request was completed. (0x12B)
[0920/181421.475:WARNING:pe_image_reader.cc(340)] could not read dos header from C:\WINDOWS\SYSTEM32\PROPSYS.dll
[0920/181421.475:ERROR:process_memory_win.cc(73)] ReadMemory at 0x7fff5fff0000 of 64 bytes failed: Only part of a ReadProcessMemory or WriteProcessMemory request was completed. (0x12B)
[0920/181421.475:WARNING:pe_image_reader.cc(340)] could not read dos header from C:\WINDOWS\System32\shcore.dll
[0920/181421.475:ERROR:process_memory_win.cc(73)] ReadMemory at 0x7fff5e7c0000 of 64 bytes failed: Only part of a ReadProcessMemory or WriteProcessMemory request was completed. (0x12B)
[0920/181421.475:WARNING:pe_image_reader.cc(340)] could not read dos header from C:\WINDOWS\SYSTEM32\SSPICLI.DLL
[0920/181421.476:ERROR:process_memory_win.cc(73)] ReadMemory at 0x7fff5e270000 of 64 bytes failed: Only part of a ReadProcessMemory or WriteProcessMemory request was completed. (0x12B)
[0920/181421.476:WARNING:pe_image_reader.cc(340)] could not read dos header from C:\WINDOWS\SYSTEM32\CRYPTBASE.DLL
[0920/181422.052:ERROR:process_memory_win.cc(73)] ReadMemory at 0x42e9dd8000 of 163840 bytes failed: Only part of a ReadProcessMemory or WriteProcessMemory request was completed. (0x12B)
[0920/181422.798:ERROR:process_memory_win.cc(73)] ReadMemory at 0x42ea5fd000 of 12288 bytes failed: Only part of a ReadProcessMemory or WriteProcessMemory request was completed. (0x12B)
[0920/181422.798:ERROR:process_memory_win.cc(73)] ReadMemory at 0x42eb5fc000 of 16384 bytes failed: Only part of a ReadProcessMemory or WriteProcessMemory request was completed. (0x12B)
[0920/181422.799:ERROR:process_memory_win.cc(73)] ReadMemory at 0x42ebdfb000 of 20480 bytes failed: Only part of a ReadProcessMemory or WriteProcessMemory request was completed. (0x12B)
[0920/181422.799:ERROR:process_memory_win.cc(73)] ReadMemory at 0x42ec5ff000 of 4096 bytes failed: Only part of a ReadProcessMemory or WriteProcessMemory request was completed. (0x12B)
[0920/181422.799:ERROR:process_memory_win.cc(73)] ReadMemory at 0x42ecdfd000 of 12288 bytes failed: Only part of a ReadProcessMemory or WriteProcessMemory request was completed. (0x12B)
[0920/181422.799:ERROR:process_memory_win.cc(73)] ReadMemory at 0x42ed5fb000 of 20480 bytes failed: Only part of a ReadProcessMemory or WriteProcessMemory request was completed. (0x12B)
[0920/181422.799:ERROR:process_memory_win.cc(73)] ReadMemory at 0x42ee5fd000 of 12288 bytes failed: Only part of a ReadProcessMemory or WriteProcessMemory request was completed. (0x12B)
[0920/181422.800:ERROR:process_memory_win.cc(73)] ReadMemory at 0x42eedfa000 of 24576 bytes failed: Only part of a ReadProcessMemory or WriteProcessMemory request was completed. (0x12B)
[0920/181422.800:ERROR:process_memory_win.cc(73)] ReadMemory at 0x42ef5fb000 of 20480 bytes failed: Only part of a ReadProcessMemory or WriteProcessMemory request was completed. (0x12B)
[0920/181422.800:ERROR:process_memory_win.cc(73)] ReadMemory at 0x42efdfd000 of 12288 bytes failed: Only part of a ReadProcessMemory or WriteProcessMemory request was completed. (0x12B)
[0920/181422.800:ERROR:process_memory_win.cc(73)] ReadMemory at 0x42eddfd000 of 12288 bytes failed: Only part of a ReadProcessMemory or WriteProcessMemory request was completed. (0x12B)
[0920/181422.801:ERROR:process_memory_win.cc(73)] ReadMemory at 0x42f05f8000 of 32768 bytes failed: Only part of a ReadProcessMemory or WriteProcessMemory request was completed. (0x12B)
[0920/181422.802:ERROR:process_memory_win.cc(73)] ReadMemory at 0x42f0dfd000 of 12288 bytes failed: Only part of a ReadProcessMemory or WriteProcessMemory request was completed. (0x12B)
[0920/181422.802:ERROR:process_memory_win.cc(73)] ReadMemory at 0x42eadff000 of 4096 bytes failed: Only part of a ReadProcessMemory or WriteProcessMemory request was completed. (0x12B)
[0920/181422.802:ERROR:process_memory_win.cc(73)] ReadMemory at 0x42e9422000 of 852 bytes failed: Only part of a ReadProcessMemory or WriteProcessMemory request was completed. (0x12B)
[0920/181422.802:ERROR:process_memory_win.cc(73)] ReadMemory at 0x42e9423000 of 6024 bytes failed: Only part of a ReadProcessMemory or WriteProcessMemory request was completed. (0x12B)
[0920/181422.802:ERROR:process_memory_win.cc(73)] ReadMemory at 0x42e9425000 of 6024 bytes failed: Only part of a ReadProcessMemory or WriteProcessMemory request was completed. (0x12B)
[0920/181422.803:ERROR:process_memory_win.cc(73)] ReadMemory at 0x42e9429000 of 6024 bytes failed: Only part of a ReadProcessMemory or WriteProcessMemory request was completed. (0x12B)
[0920/181422.803:ERROR:process_memory_win.cc(73)] ReadMemory at 0x42e942b000 of 6024 bytes failed: Only part of a ReadProcessMemory or WriteProcessMemory request was completed. (0x12B)
[0920/181422.803:ERROR:process_memory_win.cc(73)] ReadMemory at 0x42e942d000 of 6024 bytes failed: Only part of a ReadProcessMemory or WriteProcessMemory request was completed. (0x12B)
[0920/181422.803:ERROR:process_memory_win.cc(73)] ReadMemory at 0x42e942f000 of 6024 bytes failed: Only part of a ReadProcessMemory or WriteProcessMemory request was completed. (0x12B)
[0920/181422.803:ERROR:process_memory_win.cc(73)] ReadMemory at 0x42e9431000 of 6024 bytes failed: Only part of a ReadProcessMemory or WriteProcessMemory request was completed. (0x12B)
[0920/181422.803:ERROR:process_memory_win.cc(73)] ReadMemory at 0x42e9435000 of 6024 bytes failed: Only part of a ReadProcessMemory or WriteProcessMemory request was completed. (0x12B)
[0920/181422.804:ERROR:process_memory_win.cc(73)] ReadMemory at 0x42e9437000 of 6024 bytes failed: Only part of a ReadProcessMemory or WriteProcessMemory request was completed. (0x12B)
[0920/181422.804:ERROR:process_memory_win.cc(73)] ReadMemory at 0x42e9439000 of 6024 bytes failed: Only part of a ReadProcessMemory or WriteProcessMemory request was completed. (0x12B)
[0920/181422.804:ERROR:process_memory_win.cc(73)] ReadMemory at 0x42e943b000 of 6024 bytes failed: Only part of a ReadProcessMemory or WriteProcessMemory request was completed. (0x12B)
[0920/181422.804:ERROR:process_memory_win.cc(73)] ReadMemory at 0x42e9441000 of 6024 bytes failed: Only part of a ReadProcessMemory or WriteProcessMemory request was completed. (0x12B)
[0920/181422.804:ERROR:process_memory_win.cc(73)] ReadMemory at 0x42e9443000 of 6024 bytes failed: Only part of a ReadProcessMemory or WriteProcessMemory request was completed. (0x12B)
[0920/181422.805:ERROR:process_memory_win.cc(73)] ReadMemory at 0x42e9511000 of 6024 bytes failed: Only part of a ReadProcessMemory or WriteProcessMemory request was completed. (0x12B)
[0920/181422.805:ERROR:process_memory_win.cc(73)] ReadMemory at 0x42e9517000 of 6024 bytes failed: Only part of a ReadProcessMemory or WriteProcessMemory request was completed. (0x12B)
[0920/181422.805:ERROR:process_memory_win.cc(73)] ReadMemory at 0x1ca55090d00 of 512 bytes failed: Only part of a ReadProcessMemory or WriteProcessMemory request was completed. (0x12B)
[0920/181422.805:ERROR:process_memory_win.cc(73)] ReadMemory at 0x1ca55110fe0 of 18198 bytes failed: Only part of a ReadProcessMemory or WriteProcessMemory request was completed. (0x12B)
[0920/181422.805:ERROR:process_memory_win.cc(73)] ReadMemory at 0x1ca55115700 of 1012 bytes failed: Only part of a ReadProcessMemory or WriteProcessMemory request was completed. (0x12B)
[0920/181422.806:ERROR:process_memory_win.cc(73)] ReadMemory at 0x1ca55115d48 of 118 bytes failed: Only part of a ReadProcessMemory or WriteProcessMemory request was completed. (0x12B)
[0920/181422.806:ERROR:process_memory_win.cc(73)] ReadMemory at 0x1ca55115dc0 of 754 bytes failed: Only part of a ReadProcessMemory or WriteProcessMemory request was completed. (0x12B)
[0920/181422.806:ERROR:process_memory_win.cc(73)] ReadMemory at 0x1ca551160b4 of 118 bytes failed: Only part of a ReadProcessMemory or WriteProcessMemory request was completed. (0x12B)
[0920/181422.806:ERROR:process_memory_win.cc(73)] ReadMemory at 0x1ca5511612c of 102 bytes failed: Only part of a ReadProcessMemory or WriteProcessMemory request was completed. (0x12B)
[0920/181422.806:ERROR:process_memory_win.cc(73)] ReadMemory at 0x1ca551161a0 of 58 bytes failed: Only part of a ReadProcessMemory or WriteProcessMemory request was completed. (0x12B)
[0920/181422.807:ERROR:process_memory_win.cc(73)] ReadMemory at 0x1ca551162a0 of 132 bytes failed: Only part of a ReadProcessMemory or WriteProcessMemory request was completed. (0x12B)
[0920/181422.807:ERROR:process_memory_win.cc(73)] ReadMemory at 0x1ca55116430 of 132 bytes failed: Only part of a ReadProcessMemory or WriteProcessMemory request was completed. (0x12B)
[0920/181422.807:ERROR:process_memory_win.cc(73)] ReadMemory at 0x1ca551165f0 of 126 bytes failed: Only part of a ReadProcessMemory or WriteProcessMemory request was completed. (0x12B)
[0920/181422.807:ERROR:process_memory_win.cc(73)] ReadMemory at 0x1ca551169d0 of 132 bytes failed: Only part of a ReadProcessMemory or WriteProcessMemory request was completed. (0x12B)
[0920/181422.807:ERROR:process_memory_win.cc(73)] ReadMemory at 0x1ca55116b60 of 64 bytes failed: Only part of a ReadProcessMemory or WriteProcessMemory request was completed. (0x12B)
[0920/181422.807:ERROR:process_memory_win.cc(73)] ReadMemory at 0x1ca55116d20 of 132 bytes failed: Only part of a ReadProcessMemory or WriteProcessMemory request was completed. (0x12B)
[0920/181422.808:ERROR:process_memory_win.cc(73)] ReadMemory at 0x1ca55116fd0 of 132 bytes failed: Only part of a ReadProcessMemory or WriteProcessMemory request was completed. (0x12B)
[0920/181422.808:ERROR:process_memory_win.cc(73)] ReadMemory at 0x1ca55117160 of 68 bytes failed: Only part of a ReadProcessMemory or WriteProcessMemory request was completed. (0x12B)
[0920/181422.808:ERROR:process_memory_win.cc(73)] ReadMemory at 0x1ca55118230 of 132 bytes failed: Only part of a ReadProcessMemory or WriteProcessMemory request was completed. (0x12B)
[0920/181422.808:ERROR:process_memory_win.cc(73)] ReadMemory at 0x1ca551183c0 of 154 bytes failed: Only part of a ReadProcessMemory or WriteProcessMemory request was completed. (0x12B)
[0920/181422.808:ERROR:process_memory_win.cc(73)] ReadMemory at 0x1ca5511a870 of 62 bytes failed: Only part of a ReadProcessMemory or WriteProcessMemory request was completed. (0x12B)
[0920/181422.808:ERROR:process_memory_win.cc(73)] ReadMemory at 0x1ca5511a9a0 of 132 bytes failed: Only part of a ReadProcessMemory or WriteProcessMemory request was completed. (0x12B)
[0920/181422.809:ERROR:process_memory_win.cc(73)] ReadMemory at 0x1ca5511ab30 of 60 bytes failed: Only part of a ReadProcessMemory or WriteProcessMemory request was completed. (0x12B)
[0920/181422.809:ERROR:process_memory_win.cc(73)] ReadMemory at 0x1ca55129290 of 54 bytes failed: Only part of a ReadProcessMemory or WriteProcessMemory request was completed. (0x12B)
[0920/181422.809:ERROR:process_memory_win.cc(73)] ReadMemory at 0x1ca5512b670 of 80 bytes failed: Only part of a ReadProcessMemory or WriteProcessMemory request was completed. (0x12B)
[0920/181422.809:ERROR:process_memory_win.cc(73)] ReadMemory at 0x1ca5512d490 of 132 bytes failed: Only part of a ReadProcessMemory or WriteProcessMemory request was completed. (0x12B)
[0920/181422.809:ERROR:process_memory_win.cc(73)] ReadMemory at 0x1ca5512d5c0 of 146 bytes failed: Only part of a ReadProcessMemory or WriteProcessMemory request was completed. (0x12B)
[0920/181422.809:ERROR:process_memory_win.cc(73)] ReadMemory at 0x1ca5512e300 of 132 bytes failed: Only part of a ReadProcessMemory or WriteProcessMemory request was completed. (0x12B)
[0920/181422.810:ERROR:process_memory_win.cc(73)] ReadMemory at 0x1ca5512e5b0 of 132 bytes failed: Only part of a ReadProcessMemory or WriteProcessMemory request was completed. (0x12B)
[0920/181422.810:ERROR:process_memory_win.cc(73)] ReadMemory at 0x1ca5512e6e0 of 132 bytes failed: Only part of a ReadProcessMemory or WriteProcessMemory request was completed. (0x12B)
[0920/181422.810:ERROR:process_memory_win.cc(73)] ReadMemory at 0x1ca5512e810 of 132 bytes failed: Only part of a ReadProcessMemory or WriteProcessMemory request was completed. (0x12B)
[0920/181422.810:ERROR:process_memory_win.cc(73)] ReadMemory at 0x1ca5512e940 of 132 bytes failed: Only part of a ReadProcessMemory or WriteProcessMemory request was completed. (0x12B)
[0920/181422.810:ERROR:process_memory_win.cc(73)] ReadMemory at 0x1ca5512ea70 of 132 bytes failed: Only part of a ReadProcessMemory or WriteProcessMemory request was completed. (0x12B)
[0920/181422.810:ERROR:process_memory_win.cc(73)] ReadMemory at 0x1ca5512eba0 of 132 bytes failed: Only part of a ReadProcessMemory or WriteProcessMemory request was completed. (0x12B)
[0920/181422.811:ERROR:process_memory_win.cc(73)] ReadMemory at 0x1ca5512ecd0 of 132 bytes failed: Only part of a ReadProcessMemory or WriteProcessMemory request was completed. (0x12B)
[0920/181422.811:ERROR:process_memory_win.cc(73)] ReadMemory at 0x1ca5512ee00 of 132 bytes failed: Only part of a ReadProcessMemory or WriteProcessMemory request was completed. (0x12B)
[0920/181422.811:ERROR:process_memory_win.cc(73)] ReadMemory at 0x1ca5512ef30 of 132 bytes failed: Only part of a ReadProcessMemory or WriteProcessMemory request was completed. (0x12B)
[0920/181422.811:ERROR:process_memory_win.cc(73)] ReadMemory at 0x1ca5512f060 of 132 bytes failed: Only part of a ReadProcessMemory or WriteProcessMemory request was completed. (0x12B)
[0920/181422.811:ERROR:process_memory_win.cc(73)] ReadMemory at 0x1ca5512f190 of 132 bytes failed: Only part of a ReadProcessMemory or WriteProcessMemory request was completed. (0x12B)
[0920/181422.811:ERROR:process_memory_win.cc(73)] ReadMemory at 0x1ca5512f2c0 of 132 bytes failed: Only part of a ReadProcessMemory or WriteProcessMemory request was completed. (0x12B)
[0920/181422.812:ERROR:process_memory_win.cc(73)] ReadMemory at 0x1ca5512fc10 of 76 bytes failed: Only part of a ReadProcessMemory or WriteProcessMemory request was completed. (0x12B)
[0920/181422.812:ERROR:process_memory_win.cc(73)] ReadMemory at 0x1ca5512ff10 of 80 bytes failed: Only part of a ReadProcessMemory or WriteProcessMemory request was completed. (0x12B)
[0920/181422.812:ERROR:process_memory_win.cc(73)] ReadMemory at 0x1ca55132530 of 60 bytes failed: Only part of a ReadProcessMemory or WriteProcessMemory request was completed. (0x12B)
[0920/181422.812:ERROR:process_memory_win.cc(73)] ReadMemory at 0x1ca55132580 of 64 bytes failed: Only part of a ReadProcessMemory or WriteProcessMemory request was completed. (0x12B)
[0920/181422.812:ERROR:process_memory_win.cc(73)] ReadMemory at 0x1ca551326c0 of 60 bytes failed: Only part of a ReadProcessMemory or WriteProcessMemory request was completed. (0x12B)
[0920/181422.812:ERROR:process_memory_win.cc(73)] ReadMemory at 0x1ca55132760 of 62 bytes failed: Only part of a ReadProcessMemory or WriteProcessMemory request was completed. (0x12B)
[0920/181422.813:ERROR:process_memory_win.cc(73)] ReadMemory at 0x1ca551327b0 of 62 bytes failed: Only part of a ReadProcessMemory or WriteProcessMemory request was completed. (0x12B)
[0920/181422.813:ERROR:process_memory_win.cc(73)] ReadMemory at 0x1ca55132a30 of 64 bytes failed: Only part of a ReadProcessMemory or WriteProcessMemory request was completed. (0x12B)
[0920/181422.813:ERROR:process_memory_win.cc(73)] ReadMemory at 0x1ca55132a80 of 66 bytes failed: Only part of a ReadProcessMemory or WriteProcessMemory request was completed. (0x12B)
[0920/181422.813:ERROR:process_memory_win.cc(73)] ReadMemory at 0x1ca55132ad0 of 64 bytes failed: Only part of a ReadProcessMemory or WriteProcessMemory request was completed. (0x12B)
[0920/181422.813:ERROR:process_memory_win.cc(73)] ReadMemory at 0x1ca55132c60 of 64 bytes failed: Only part of a ReadProcessMemory or WriteProcessMemory request was completed. (0x12B)
[0920/181422.813:ERROR:process_memory_win.cc(73)] ReadMemory at 0x1ca55132cb0 of 60 bytes failed: Only part of a ReadProcessMemory or WriteProcessMemory request was completed. (0x12B)
[0920/181422.813:ERROR:process_memory_win.cc(73)] ReadMemory at 0x1ca55132d00 of 64 bytes failed: Only part of a ReadProcessMemory or WriteProcessMemory request was completed. (0x12B)
[0920/181422.814:ERROR:process_memory_win.cc(73)] ReadMemory at 0x1ca55132e40 of 62 bytes failed: Only part of a ReadProcessMemory or WriteProcessMemory request was completed. (0x12B)
[0920/181422.814:ERROR:process_memory_win.cc(73)] ReadMemory at 0x1ca551357c0 of 132 bytes failed: Only part of a ReadProcessMemory or WriteProcessMemory request was completed. (0x12B)
[0920/181422.814:ERROR:process_memory_win.cc(73)] ReadMemory at 0x1ca55136820 of 132 bytes failed: Only part of a ReadProcessMemory or WriteProcessMemory request was completed. (0x12B)
[0920/181422.814:ERROR:process_memory_win.cc(73)] ReadMemory at 0x1ca55136950 of 132 bytes failed: Only part of a ReadProcessMemory or WriteProcessMemory request was completed. (0x12B)
[0920/181422.814:ERROR:process_memory_win.cc(73)] ReadMemory at 0x1ca55138c70 of 132 bytes failed: Only part of a ReadProcessMemory or WriteProcessMemory request was completed. (0x12B)
[0920/181422.815:ERROR:process_memory_win.cc(73)] ReadMemory at 0x1ca5513a7d0 of 132 bytes failed: Only part of a ReadProcessMemory or WriteProcessMemory request was completed. (0x12B)
[0920/181422.815:ERROR:process_memory_win.cc(73)] ReadMemory at 0x1ca5513db80 of 132 bytes failed: Only part of a ReadProcessMemory or WriteProcessMemory request was completed. (0x12B)
[0920/181422.815:ERROR:process_memory_win.cc(73)] ReadMemory at 0x1ca5513dda0 of 132 bytes failed: Only part of a ReadProcessMemory or WriteProcessMemory request was completed. (0x12B)
[0920/181422.815:ERROR:process_memory_win.cc(73)] ReadMemory at 0x1ca5513e020 of 132 bytes failed: Only part of a ReadProcessMemory or WriteProcessMemory request was completed. (0x12B)
[0920/181422.815:ERROR:process_memory_win.cc(73)] ReadMemory at 0x1ca5513e280 of 132 bytes failed: Only part of a ReadProcessMemory or WriteProcessMemory request was completed. (0x12B)
[0920/181422.816:ERROR:process_memory_win.cc(73)] ReadMemory at 0x1ca5513e610 of 132 bytes failed: Only part of a ReadProcessMemory or WriteProcessMemory request was completed. (0x12B)
[0920/181422.816:ERROR:process_memory_win.cc(73)] ReadMemory at 0x1ca5513e740 of 132 bytes failed: Only part of a ReadProcessMemory or WriteProcessMemory request was completed. (0x12B)
[0920/181422.816:ERROR:process_memory_win.cc(73)] ReadMemory at 0x1ca5513ead0 of 132 bytes failed: Only part of a ReadProcessMemory or WriteProcessMemory request was completed. (0x12B)
[0920/181422.816:ERROR:process_memory_win.cc(73)] ReadMemory at 0x1ca5513ec00 of 132 bytes failed: Only part of a ReadProcessMemory or WriteProcessMemory request was completed. (0x12B)
[0920/181422.816:ERROR:process_memory_win.cc(73)] ReadMemory at 0x1ca5513ed30 of 132 bytes failed: Only part of a ReadProcessMemory or WriteProcessMemory request was completed. (0x12B)
[0920/181422.816:ERROR:process_memory_win.cc(73)] ReadMemory at 0x1ca5513f0c0 of 132 bytes failed: Only part of a ReadProcessMemory or WriteProcessMemory request was completed. (0x12B)
[0920/181422.817:ERROR:process_memory_win.cc(73)] ReadMemory at 0x1ca5513f580 of 132 bytes failed: Only part of a ReadProcessMemory or WriteProcessMemory request was completed. (0x12B)
[0920/181422.817:ERROR:process_memory_win.cc(73)] ReadMemory at 0x1ca5513f7e0 of 132 bytes failed: Only part of a ReadProcessMemory or WriteProcessMemory request was completed. (0x12B)
[0920/181422.817:ERROR:process_memory_win.cc(73)] ReadMemory at 0x1ca5513fa40 of 132 bytes failed: Only part of a ReadProcessMemory or WriteProcessMemory request was completed. (0x12B)
[0920/181422.817:ERROR:process_memory_win.cc(73)] ReadMemory at 0x1ca55141750 of 62 bytes failed: Only part of a ReadProcessMemory or WriteProcessMemory request was completed. (0x12B)
[0920/181422.817:ERROR:process_memory_win.cc(73)] ReadMemory at 0x1ca551418e0 of 62 bytes failed: Only part of a ReadProcessMemory or WriteProcessMemory request was completed. (0x12B)
[0920/181422.817:ERROR:process_memory_win.cc(73)] ReadMemory at 0x1ca55141930 of 62 bytes failed: Only part of a ReadProcessMemory or WriteProcessMemory request was completed. (0x12B)
[0920/181422.818:ERROR:process_memory_win.cc(73)] ReadMemory at 0x1ca55141980 of 64 bytes failed: Only part of a ReadProcessMemory or WriteProcessMemory request was completed. (0x12B)
[0920/181422.818:ERROR:process_memory_win.cc(73)] ReadMemory at 0x1ca55141ac0 of 60 bytes failed: Only part of a ReadProcessMemory or WriteProcessMemory request was completed. (0x12B)
[0920/181422.818:ERROR:process_memory_win.cc(73)] ReadMemory at 0x1ca55141c50 of 60 bytes failed: Only part of a ReadProcessMemory or WriteProcessMemory request was completed. (0x12B)
[0920/181422.818:ERROR:process_memory_win.cc(73)] ReadMemory at 0x1ca55141ca0 of 64 bytes failed: Only part of a ReadProcessMemory or WriteProcessMemory request was completed. (0x12B)
[0920/181422.818:ERROR:process_memory_win.cc(73)] ReadMemory at 0x1ca55141cf0 of 66 bytes failed: Only part of a ReadProcessMemory or WriteProcessMemory request was completed. (0x12B)
[0920/181422.818:ERROR:process_memory_win.cc(73)] ReadMemory at 0x1ca55141e80 of 62 bytes failed: Only part of a ReadProcessMemory or WriteProcessMemory request was completed. (0x12B)
[0920/181422.819:ERROR:process_memory_win.cc(73)] ReadMemory at 0x1ca55141fc0 of 58 bytes failed: Only part of a ReadProcessMemory or WriteProcessMemory request was completed. (0x12B)
[0920/181422.819:ERROR:process_memory_win.cc(73)] ReadMemory at 0x1ca551421a0 of 60 bytes failed: Only part of a ReadProcessMemory or WriteProcessMemory request was completed. (0x12B)
[0920/181422.819:ERROR:process_memory_win.cc(73)] ReadMemory at 0x1ca55142240 of 62 bytes failed: Only part of a ReadProcessMemory or WriteProcessMemory request was completed. (0x12B)
[0920/181422.819:ERROR:process_memory_win.cc(73)] ReadMemory at 0x1ca55142290 of 62 bytes failed: Only part of a ReadProcessMemory or WriteProcessMemory request was completed. (0x12B)
[0920/181422.819:ERROR:process_memory_win.cc(73)] ReadMemory at 0x1ca55142420 of 64 bytes failed: Only part of a ReadProcessMemory or WriteProcessMemory request was completed. (0x12B)
[0920/181422.819:ERROR:process_memory_win.cc(73)] ReadMemory at 0x1ca551425b0 of 62 bytes failed: Only part of a ReadProcessMemory or WriteProcessMemory request was completed. (0x12B)
[0920/181422.820:ERROR:process_memory_win.cc(73)] ReadMemory at 0x1ca5514b350 of 512 bytes failed: Only part of a ReadProcessMemory or WriteProcessMemory request was completed. (0x12B)
[0920/181422.820:ERROR:process_memory_win.cc(73)] ReadMemory at 0x1ca5518e220 of 560 bytes failed: Only part of a ReadProcessMemory or WriteProcessMemory request was completed. (0x12B)
[0920/181422.820:ERROR:process_memory_win.cc(73)] ReadMemory at 0x1ca551a6370 of 512 bytes failed: Only part of a ReadProcessMemory or WriteProcessMemory request was completed. (0x12B)
[0920/181422.820:ERROR:process_memory_win.cc(73)] ReadMemory at 0x1ca551abd00 of 512 bytes failed: Only part of a ReadProcessMemory or WriteProcessMemory request was completed. (0x12B)
[0920/181422.820:ERROR:process_memory_win.cc(73)] ReadMemory at 0x1ca551c2d10 of 512 bytes failed: Only part of a ReadProcessMemory or WriteProcessMemory request was completed. (0x12B)
[0920/181422.821:ERROR:process_memory_win.cc(73)] ReadMemory at 0x1ca551c5e80 of 512 bytes failed: Only part of a ReadProcessMemory or WriteProcessMemory request was completed. (0x12B)
[0920/181422.821:ERROR:process_memory_win.cc(73)] ReadMemory at 0x1ca551d4503 of 512 bytes failed: Only part of a ReadProcessMemory or WriteProcessMemory request was completed. (0x12B)
[0920/181422.821:ERROR:process_memory_win.cc(73)] ReadMemory at 0x1ca551ea480 of 712 bytes failed: Only part of a ReadProcessMemory or WriteProcessMemory request was completed. (0x12B)
[0920/181422.821:ERROR:process_memory_win.cc(73)] ReadMemory at 0x1ca56a80000 of 384 bytes failed: Only part of a ReadProcessMemory or WriteProcessMemory request was completed. (0x12B)
[0920/181422.821:ERROR:process_memory_win.cc(73)] ReadMemory at 0x1ca56a9b1c0 of 512 bytes failed: Only part of a ReadProcessMemory or WriteProcessMemory request was completed. (0x12B)
[0920/181422.822:ERROR:process_memory_win.cc(73)] ReadMemory at 0x1ca56abdb10 of 512 bytes failed: Only part of a ReadProcessMemory or WriteProcessMemory request was completed. (0x12B)
[0920/181422.822:ERROR:process_memory_win.cc(73)] ReadMemory at 0x1ca56ae47b8 of 512 bytes failed: Only part of a ReadProcessMemory or WriteProcessMemory request was completed. (0x12B)
[0920/181422.822:ERROR:process_memory_win.cc(73)] ReadMemory at 0x1ca56b8faa0 of 512 bytes failed: Only part of a ReadProcessMemory or WriteProcessMemory request was completed. (0x12B)
[0920/181422.822:ERROR:process_memory_win.cc(73)] ReadMemory at 0x1ca56ba8ba4 of 512 bytes failed: Only part of a ReadProcessMemory or WriteProcessMemory request was completed. (0x12B)
[0920/181422.822:ERROR:process_memory_win.cc(73)] ReadMemory at 0x1ca56ba8f74 of 558 bytes failed: Only part of a ReadProcessMemory or WriteProcessMemory request was completed. (0x12B)
[0920/181422.822:ERROR:process_memory_win.cc(73)] ReadMemory at 0x1ca57406080 of 512 bytes failed: Only part of a ReadProcessMemory or WriteProcessMemory request was completed. (0x12B)
[0920/181422.822:ERROR:process_memory_win.cc(73)] ReadMemory at 0x1ca591893d8 of 512 bytes failed: Only part of a ReadProcessMemory or WriteProcessMemory request was completed. (0x12B)
[0920/181422.823:ERROR:process_memory_win.cc(73)] ReadMemory at 0x1ca5b274c60 of 512 bytes failed: Only part of a ReadProcessMemory or WriteProcessMemory request was completed. (0x12B)
[0920/181422.823:ERROR:process_memory_win.cc(73)] ReadMemory at 0x1ca5c28e180 of 512 bytes failed: Only part of a ReadProcessMemory or WriteProcessMemory request was completed. (0x12B)
[0920/181422.823:ERROR:process_memory_win.cc(73)] ReadMemory at 0x2637f1072ec0 of 512 bytes failed: Only part of a ReadProcessMemory or WriteProcessMemory request was completed. (0x12B)
[0920/181422.823:ERROR:process_memory_win.cc(73)] ReadMemory at 0x2637f297efd0 of 512 bytes failed: Only part of a ReadProcessMemory or WriteProcessMemory request was completed. (0x12B)
[0920/181422.823:ERROR:process_memory_win.cc(73)] ReadMemory at 0x2637f2fe8000 of 384 bytes failed: Only part of a ReadProcessMemory or WriteProcessMemory request was completed. (0x12B)
[0920/181422.823:ERROR:process_memory_win.cc(73)] ReadMemory at 0x4c9be4e93f80 of 512 bytes failed: Only part of a ReadProcessMemory or WriteProcessMemory request was completed. (0x12B)
[0920/181422.823:ERROR:process_memory_win.cc(73)] ReadMemory at 0x7fff0357bf03 of 512 bytes failed: Only part of a ReadProcessMemory or WriteProcessMemory request was completed. (0x12B)
[0920/181422.824:ERROR:process_memory_win.cc(73)] ReadMemory at 0x7fff07416680 of 512 bytes failed: Only part of a ReadProcessMemory or WriteProcessMemory request was completed. (0x12B)
[0920/181422.824:ERROR:process_memory_win.cc(73)] ReadMemory at 0x7fff458c5160 of 512 bytes failed: Only part of a ReadProcessMemory or WriteProcessMemory request was completed. (0x12B)
[0920/181422.824:ERROR:process_memory_win.cc(73)] ReadMemory at 0x7fff458c5867 of 512 bytes failed: Only part of a ReadProcessMemory or WriteProcessMemory request was completed. (0x12B)
[0920/181422.824:ERROR:process_memory_win.cc(73)] ReadMemory at 0x7fff60261f80 of 512 bytes failed: Only part of a ReadProcessMemory or WriteProcessMemory request was completed. (0x12B)
[0920/181422.824:ERROR:process_memory_win.cc(73)] ReadMemory at 0x7fff61abc074 of 672 bytes failed: Only part of a ReadProcessMemory or WriteProcessMemory request was completed. (0x12B)
[0920/181422.825:ERROR:process_memory_win.cc(73)] ReadMemory at 0x7fff61abf924 of 608 bytes failed: Only part of a ReadProcessMemory or WriteProcessMemory request was completed. (0x12B)
[0920/181422.825:ERROR:process_memory_win.cc(73)] ReadMemory at 0x7fff61b4c428 of 18 bytes failed: Only part of a ReadProcessMemory or WriteProcessMemory request was completed. (0x12B)
[0920/181422.825:ERROR:process_memory_win.cc(73)] ReadMemory at 0x7fff61b7f4f8 of 40 bytes failed: Only part of a ReadProcessMemory or WriteProcessMemory request was completed. (0x12B)
[0920/181422.825:ERROR:process_memory_win.cc(73)] ReadMemory at 0x7fff61b7f978 of 48 bytes failed: Only part of a ReadProcessMemory or WriteProcessMemory request was completed. (0x12B)
[0920/181422.825:ERROR:process_memory_win.cc(73)] ReadMemory at 0x7fff61b853c0 of 64 bytes failed: Only part of a ReadProcessMemory or WriteProcessMemory request was completed. (0x12B)
[0920/181422.830:ERROR:scoped_process_suspend.cc(40)] NtResumeProcess: An attempt was made to access an exiting process. (0xc000010a)
